2024-11-05 17:17:46 [main] INFO  o.s.t.c.s.AnnotationConfigContextLoaderUtils - Could not detect default configuration classes for test class [com.looging.springbootmicroservice.SpringbootMicroserviceApplicationTests]: SpringbootMicroserviceApplicationTests does not declare any static, non-private, non-final, nested classes annotated with @Configuration.
2024-11-05 17:17:46 [main] INFO  o.s.b.t.c.SpringBootTestContextBootstrapper - Found @SpringBootConfiguration com.looging.springbootmicroservice.SpringbootMicroserviceApplication for test class com.looging.springbootmicroservice.SpringbootMicroserviceApplicationTests
2024-11-05 17:17:46 [main] WARN  o.s.b.t.j.DuplicateJsonObjectContextCustomizerFactory$DuplicateJsonObjectContextCustomizer - 

Found multiple occurrences of org.json.JSONObject on the class path:

	jar:file:/C:/Users/suman/.m2/repository/com/vaadin/external/google/android-json/0.0.20131108.vaadin1/android-json-0.0.20131108.vaadin1.jar!/org/json/JSONObject.class
	jar:file:/C:/Users/suman/.m2/repository/org/json/json/20180130/json-20180130.jar!/org/json/JSONObject.class

You may wish to exclude one of them to ensure predictable runtime behavior

2024-11-05 17:17:46 [main] INFO  c.l.s.SpringbootMicroserviceApplicationTests - Starting SpringbootMicroserviceApplicationTests using Java 17 with PID 4164 (started by suman in C:\jee-2024-03\projects\springboot_apm_projects\springboot-microservice-logging)
2024-11-05 17:17:46 [main] INFO  c.l.s.SpringbootMicroserviceApplicationTests - No active profile set, falling back to 1 default profile: "default"
2024-11-05 17:17:48 [main] INFO  o.s.b.a.e.web.EndpointLinksResolver - Exposing 14 endpoints beneath base path '/actuator'
2024-11-05 17:17:48 [main] INFO  c.l.s.SpringbootMicroserviceApplicationTests - Started SpringbootMicroserviceApplicationTests in 1.963 seconds (process running for 3.131)
2024-11-05 17:17:57 [main] INFO  c.l.s.SpringbootMicroserviceApplication - Starting the Logging Demo Application
2024-11-05 17:17:57 [main] INFO  c.l.s.SpringbootMicroserviceApplication - Starting SpringbootMicroserviceApplication using Java 17 with PID 7528 (C:\jee-2024-03\projects\springboot_apm_projects\springboot-microservice-logging\target\classes started by suman in C:\jee-2024-03\projects\springboot_apm_projects\springboot-microservice-logging)
2024-11-05 17:17:57 [main] INFO  c.l.s.SpringbootMicroserviceApplication - No active profile set, falling back to 1 default profile: "default"
2024-11-05 17:17:58 [main] INFO  o.s.b.w.e.tomcat.TomcatWebServer - Tomcat initialized with port 8881 (http)
2024-11-05 17:17:58 [main] INFO  o.a.coyote.http11.Http11NioProtocol - Initializing ProtocolHandler ["http-nio-8881"]
2024-11-05 17:17:58 [main] INFO  o.a.catalina.core.StandardService - Starting service [Tomcat]
2024-11-05 17:17:58 [main] INFO  o.a.catalina.core.StandardEngine - Starting Servlet engine: [Apache Tomcat/10.1.24]
2024-11-05 17:17:58 [main] INFO  o.a.c.c.C.[Tomcat].[localhost].[/] - Initializing Spring embedded WebApplicationContext
2024-11-05 17:17:58 [main] INFO  o.s.b.w.s.c.ServletWebServerApplicationContext - Root WebApplicationContext: initialization completed in 881 ms
2024-11-05 17:17:59 [main] INFO  o.s.b.a.e.web.EndpointLinksResolver - Exposing 15 endpoints beneath base path '/actuator'
2024-11-05 17:17:59 [main] INFO  o.a.coyote.http11.Http11NioProtocol - Starting ProtocolHandler ["http-nio-8881"]
2024-11-05 17:17:59 [main] INFO  o.s.b.w.e.tomcat.TomcatWebServer - Tomcat started on port 8881 (http) with context path '/'
2024-11-05 17:17:59 [main] INFO  c.l.s.SpringbootMicroserviceApplication - Started SpringbootMicroserviceApplication in 1.777 seconds (process running for 2.353)
2024-11-05 17:18:00 [RMI TCP Connection(10)-127.0.0.1] INFO  o.a.c.c.C.[Tomcat].[localhost].[/] - Initializing Spring DispatcherServlet 'dispatcherServlet'
2024-11-05 17:18:00 [RMI TCP Connection(10)-127.0.0.1] INFO  o.s.web.servlet.DispatcherServlet - Initializing Servlet 'dispatcherServlet'
2024-11-05 17:18:00 [RMI TCP Connection(10)-127.0.0.1] INFO  o.s.web.servlet.DispatcherServlet - Completed initialization in 1 ms
2024-11-05 17:18:35 [RMI TCP Connection(12)-127.0.0.1] INFO  o.s.b.a.SpringApplicationAdminMXBeanRegistrar$SpringApplicationAdmin - Application shutdown requested.
2024-11-05 17:18:35 [RMI TCP Connection(12)-127.0.0.1] INFO  o.a.coyote.http11.Http11NioProtocol - Stopping ProtocolHandler ["http-nio-8881"]
