2025-08-28 09:35:09 [main] INFO  o.s.t.c.s.AnnotationConfigContextLoaderUtils - Could not detect default configuration classes for test class [com.looging.springbootmicroservice.SpringbootMicroserviceApplicationTests]: SpringbootMicroserviceApplicationTests does not declare any static, non-private, non-final, nested classes annotated with @Configuration.
2025-08-28 09:35:09 [main] INFO  o.s.b.t.c.SpringBootTestContextBootstrapper - Found @SpringBootConfiguration com.looging.springbootmicroservice.SpringbootMicroserviceApplication for test class com.looging.springbootmicroservice.SpringbootMicroserviceApplicationTests
2025-08-28 09:35:10 [main] WARN  o.s.b.t.j.DuplicateJsonObjectContextCustomizerFactory$DuplicateJsonObjectContextCustomizer - 

Found multiple occurrences of org.json.JSONObject on the class path:

	jar:file:/root/.m2/repository/com/vaadin/external/google/android-json/0.0.20131108.vaadin1/android-json-0.0.20131108.vaadin1.jar!/org/json/JSONObject.class
	jar:file:/root/.m2/repository/org/json/json/20180130/json-20180130.jar!/org/json/JSONObject.class

You may wish to exclude one of them to ensure predictable runtime behavior

2025-08-28 09:35:10 [main] INFO  c.l.s.SpringbootMicroserviceApplicationTests - Starting SpringbootMicroserviceApplicationTests using Java 17.0.16 with PID 61880 (started by root in /home/ubuntu/springboot-microservice-logging)
2025-08-28 09:35:10 [main] INFO  c.l.s.SpringbootMicroserviceApplicationTests - No active profile set, falling back to 1 default profile: "default"
2025-08-28 09:35:12 [main] INFO  o.s.b.a.e.web.EndpointLinksResolver - Exposing 14 endpoints beneath base path '/actuator'
2025-08-28 09:35:12 [main] INFO  c.l.s.SpringbootMicroserviceApplicationTests - Started SpringbootMicroserviceApplicationTests in 2.577 seconds (process running for 3.958)
2025-08-28 10:49:24 [main] INFO  o.s.t.c.s.AnnotationConfigContextLoaderUtils - Could not detect default configuration classes for test class [com.looging.springbootmicroservice.SpringbootMicroserviceApplicationTests]: SpringbootMicroserviceApplicationTests does not declare any static, non-private, non-final, nested classes annotated with @Configuration.
2025-08-28 10:49:25 [main] INFO  o.s.b.t.c.SpringBootTestContextBootstrapper - Found @SpringBootConfiguration com.looging.springbootmicroservice.SpringbootMicroserviceApplication for test class com.looging.springbootmicroservice.SpringbootMicroserviceApplicationTests
2025-08-28 10:49:25 [main] WARN  o.s.b.t.j.DuplicateJsonObjectContextCustomizerFactory$DuplicateJsonObjectContextCustomizer - 

Found multiple occurrences of org.json.JSONObject on the class path:

	jar:file:/root/.m2/repository/com/vaadin/external/google/android-json/0.0.20131108.vaadin1/android-json-0.0.20131108.vaadin1.jar!/org/json/JSONObject.class
	jar:file:/root/.m2/repository/org/json/json/20180130/json-20180130.jar!/org/json/JSONObject.class

You may wish to exclude one of them to ensure predictable runtime behavior

2025-08-28 10:49:25 [main] INFO  c.l.s.SpringbootMicroserviceApplicationTests - Starting SpringbootMicroserviceApplicationTests using Java 17.0.16 with PID 77015 (started by root in /home/ubuntu/springboot-microservice-logging)
2025-08-28 10:49:25 [main] INFO  c.l.s.SpringbootMicroserviceApplicationTests - No active profile set, falling back to 1 default profile: "default"
2025-08-28 10:49:27 [main] INFO  o.s.b.a.e.web.EndpointLinksResolver - Exposing 14 endpoints beneath base path '/actuator'
2025-08-28 10:49:27 [main] INFO  c.l.s.SpringbootMicroserviceApplicationTests - Started SpringbootMicroserviceApplicationTests in 2.509 seconds (process running for 3.744)
